[ 2011-07-28 11:07:13 ] INFO	 initializing
[ 2011-07-28 11:07:13 ] INFO	 Autoloading resource directory /home/james/Workspace/rubygame_sandbox/rubygame_sandbox/game/support/../../Resource
[ 2011-07-28 11:10:24 ] INFO	 initializing
[ 2011-07-28 11:10:24 ] INFO	 Autoloading resource directory /home/james/Workspace/rubygame_sandbox/rubygame_sandbox/game/core/../../Resource
[ 2011-07-28 11:10:57 ] INFO	 initializing
[ 2011-07-28 11:10:57 ] INFO	 Autoloading resource directory /home/james/Workspace/rubygame_sandbox/rubygame_sandbox/game/core/../../Resource
[ 2011-07-28 11:11:59 ] INFO	 initializing
[ 2011-07-28 11:11:59 ] INFO	 Autoloading resource directory /home/james/Workspace/rubygame_sandbox/rubygame_sandbox/game/core/../../Resource
[ 2011-07-28 11:12:16 ] INFO	 initializing
[ 2011-07-28 11:12:16 ] INFO	 Autoloading resource directory /home/james/Workspace/rubygame_sandbox/rubygame_sandbox/game/core/../../Resource
[ 2011-07-28 11:12:43 ] INFO	 initializing
[ 2011-07-28 11:12:43 ] INFO	 Autoloading resource directory /home/james/Workspace/rubygame_sandbox/rubygame_sandbox/game/core/../../Resource
[ 2011-07-28 11:13:19 ] INFO	 initializing
[ 2011-07-28 11:13:19 ] INFO	 Autoloading resource directory /home/james/Workspace/rubygame_sandbox/rubygame_sandbox/game/core/../../Resource
[ 2011-07-28 11:13:50 ] INFO	 initializing
[ 2011-07-28 11:13:50 ] INFO	 Autoloading resource directory /home/james/Workspace/rubygame_sandbox/rubygame_sandbox/game/core/../../Resource
[ 2011-07-28 11:15:16 ] INFO	 initializing
[ 2011-07-28 11:15:16 ] INFO	 Autoloading resource directory /home/james/Workspace/rubygame_sandbox/rubygame_sandbox/game/core/../../Resource
[ 2011-07-28 11:16:39 ] INFO	 initializing
[ 2011-07-28 11:16:39 ] INFO	 Autoloading resource directory /home/james/Workspace/rubygame_sandbox/rubygame_sandbox/game/core/../../Resource
[ 2011-07-28 11:36:38 ] INFO	 initializing
[ 2011-07-28 11:36:38 ] INFO	 Autoloading resource directory /home/james/Workspace/rubygame_sandbox/rubygame_sandbox/game/core/../../Resource
[ 2011-07-28 11:37:12 ] INFO	 initializing
[ 2011-07-28 11:37:12 ] INFO	 Autoloading resource directory /home/james/Workspace/rubygame_sandbox/rubygame_sandbox/game/core/../../Resource
[ 2011-07-28 11:38:34 ] INFO	 initializing
[ 2011-07-28 11:38:34 ] INFO	 Autoloading resource directory /home/james/Workspace/rubygame_sandbox/rubygame_sandbox/game/core/../../Resource
[ 2011-07-28 11:41:23 ] INFO	 initializing
[ 2011-07-28 11:41:23 ] INFO	 Autoloading resource directory /home/james/Workspace/rubygame_sandbox/rubygame_sandbox/game/core/../../Resource
[ 2011-07-28 11:43:12 ] INFO	 initializing
[ 2011-07-28 11:43:12 ] INFO	 Autoloading resource directory /home/james/Workspace/rubygame_sandbox/rubygame_sandbox/game/core/../../Resource
[ 2011-07-28 11:47:10 ] INFO	 initializing
[ 2011-07-28 11:47:10 ] INFO	 Autoloading resource directory /home/james/Workspace/rubygame_sandbox/rubygame_sandbox/game/core/../../Resource
[ 2011-07-28 14:28:41 ] INFO	 initializing
[ 2011-07-28 14:29:02 ] INFO	 initializing
[ 2011-07-28 14:29:19 ] INFO	 initializing
[ 2011-07-28 14:31:14 ] INFO	 Creating screen [640, 480]
[ 2011-07-28 14:31:15 ] INFO	 Clocking game at 60 fps
[ 2011-07-28 14:31:24 ] INFO	 Creating screen [640, 480]
[ 2011-07-28 14:31:24 ] INFO	 Clocking game at 60 fps
[ 2011-07-28 14:32:00 ] INFO	 Creating screen [640, 480]
[ 2011-07-28 14:32:01 ] INFO	 Clocking game at 60 fps
[ 2011-07-28 14:32:53 ] INFO	 Initializing scene manager...
[ 2011-07-28 14:32:53 ] INFO	 Creating screen [640, 480]
[ 2011-07-28 14:32:54 ] INFO	 Clocking game at 60 fps
[ 2011-07-28 14:34:41 ] INFO	 Initializing scene manager...
[ 2011-07-28 14:34:41 ] INFO	 Creating screen [640, 480]
[ 2011-07-28 14:34:41 ] INFO	 Clocking game at 60 fps
[ 2011-07-28 14:34:41 ] DEBUG	 Adding '1:Fox' at 100,100
[ 2011-07-28 14:35:05 ] INFO	 Initializing scene manager...
[ 2011-07-28 14:35:05 ] INFO	 Creating screen [640, 480]
[ 2011-07-28 14:35:06 ] INFO	 Clocking game at 60 fps
[ 2011-07-28 14:35:06 ] DEBUG	 Adding '1:Fox' at 100,100
[ 2011-07-28 14:37:30 ] INFO	 Initializing scene manager...
[ 2011-07-28 14:37:30 ] INFO	 Creating screen [640, 480]
[ 2011-07-28 14:37:30 ] INFO	 Clocking game at 60 fps
[ 2011-07-28 14:37:30 ] DEBUG	 Adding '1:Fox' at 100,100
[ 2011-07-28 14:37:48 ] INFO	 Initializing scene manager...
[ 2011-07-28 14:37:48 ] INFO	 Creating screen [640, 480]
[ 2011-07-28 14:37:49 ] INFO	 Clocking game at 60 fps
[ 2011-07-28 14:37:49 ] DEBUG	 Adding '1:Fox' at 100,100
[ 2011-07-28 14:41:25 ] INFO	 Initializing scene manager...
[ 2011-07-28 14:41:25 ] INFO	 Creating screen [640, 480]
[ 2011-07-28 14:41:25 ] INFO	 Clocking game at 60 fps
[ 2011-07-28 14:41:25 ] DEBUG	 Adding '1:Fox' at 100,100
[ 2011-07-28 14:42:18 ] INFO	 Initializing scene manager...
[ 2011-07-28 14:42:18 ] INFO	 Creating screen [640, 480]
[ 2011-07-28 14:42:18 ] INFO	 Clocking game at 60 fps
[ 2011-07-28 14:42:18 ] DEBUG	 Adding '1:Fox' at 100,100
[ 2011-07-28 14:44:51 ] INFO	 Initializing scene manager...
[ 2011-07-28 14:44:51 ] INFO	 Creating screen [640, 480]
[ 2011-07-28 14:44:52 ] INFO	 Clocking game at 60 fps
[ 2011-07-28 14:44:52 ] DEBUG	 Adding '1:Fox' at 100,100
[ 2011-07-28 14:45:43 ] INFO	 Initializing scene manager...
[ 2011-07-28 14:45:43 ] INFO	 Creating screen [640, 480]
[ 2011-07-28 14:45:44 ] INFO	 Clocking game at 60 fps
[ 2011-07-28 14:45:44 ] DEBUG	 Adding '1:Fox' at 100,100
[ 2011-07-28 14:46:23 ] INFO	 Initializing scene manager...
[ 2011-07-28 14:46:23 ] INFO	 Creating screen [640, 480]
[ 2011-07-28 14:46:23 ] INFO	 Clocking game at 60 fps
[ 2011-07-28 14:46:23 ] DEBUG	 Adding '1:Fox' at 100,100
[ 2011-07-28 14:46:45 ] INFO	 Initializing scene manager...
[ 2011-07-28 14:46:45 ] INFO	 Creating screen [640, 480]
[ 2011-07-28 14:46:46 ] INFO	 Clocking game at 60 fps
[ 2011-07-28 14:46:46 ] DEBUG	 Adding '1:Fox' at 100,100
[ 2011-07-28 14:47:49 ] INFO	 Initializing scene manager...
[ 2011-07-28 14:47:49 ] INFO	 Creating screen [640, 480]
[ 2011-07-28 14:47:49 ] INFO	 Clocking game at 60 fps
[ 2011-07-28 14:47:49 ] DEBUG	 Adding ':Fox' at 100,100
[ 2011-07-28 14:48:15 ] INFO	 Initializing scene manager...
[ 2011-07-28 14:48:15 ] INFO	 Creating screen [640, 480]
[ 2011-07-28 14:48:16 ] INFO	 Clocking game at 60 fps
[ 2011-07-28 14:48:16 ] DEBUG	 Adding ':Fox' at 100,100
[ 2011-07-28 14:49:20 ] INFO	 Initializing scene manager...
[ 2011-07-28 14:49:20 ] INFO	 Creating screen [640, 480]
[ 2011-07-28 14:49:21 ] INFO	 Clocking game at 60 fps
[ 2011-07-28 14:49:21 ] DEBUG	 Adding ':Fox' at 100,100
[ 2011-07-28 14:50:22 ] INFO	 Initializing scene manager...
[ 2011-07-28 14:50:22 ] INFO	 Creating screen [640, 480]
[ 2011-07-28 14:50:23 ] INFO	 Clocking game at 60 fps
[ 2011-07-28 14:50:23 ] DEBUG	 Adding ':Fox' at 100,100
[ 2011-07-28 14:51:18 ] INFO	 Initializing scene manager...
[ 2011-07-28 14:51:18 ] INFO	 Creating screen [640, 480]
[ 2011-07-28 14:51:18 ] INFO	 Clocking game at 60 fps
[ 2011-07-28 14:51:18 ] DEBUG	 Adding ':Fox' at 100,100
[ 2011-07-28 14:51:46 ] INFO	 Initializing scene manager...
[ 2011-07-28 14:51:46 ] INFO	 Creating screen [640, 480]
[ 2011-07-28 14:51:47 ] INFO	 Clocking game at 60 fps
[ 2011-07-28 14:51:47 ] DEBUG	 Adding ':Fox' at 100,100
[ 2011-07-28 14:52:07 ] INFO	 Initializing scene manager...
[ 2011-07-28 14:52:07 ] INFO	 Creating screen [640, 480]
[ 2011-07-28 14:52:07 ] INFO	 Clocking game at 60 fps
[ 2011-07-28 14:52:07 ] DEBUG	 Adding ':Fox' at 100,100
[ 2011-07-28 14:52:19 ] INFO	 Initializing scene manager...
[ 2011-07-28 14:52:19 ] INFO	 Creating screen [640, 480]
[ 2011-07-28 14:52:20 ] INFO	 Clocking game at 60 fps
[ 2011-07-28 14:52:20 ] DEBUG	 Adding ':Fox' at 100,100
[ 2011-07-28 14:52:30 ] INFO	 Initializing scene manager...
[ 2011-07-28 14:52:30 ] INFO	 Creating screen [640, 480]
[ 2011-07-28 14:52:30 ] INFO	 Clocking game at 60 fps
[ 2011-07-28 14:52:30 ] DEBUG	 Adding ':Fox' at 100,100
[ 2011-07-28 14:53:19 ] INFO	 Initializing scene manager...
[ 2011-07-28 14:53:19 ] INFO	 Creating screen [640, 480]
[ 2011-07-28 14:53:20 ] INFO	 Clocking game at 60 fps
[ 2011-07-28 14:53:20 ] DEBUG	 Adding ':Fox' at 100,100
[ 2011-07-28 14:53:29 ] INFO	 Initializing scene manager...
[ 2011-07-28 14:53:29 ] INFO	 Creating screen [640, 480]
[ 2011-07-28 14:53:30 ] INFO	 Clocking game at 60 fps
[ 2011-07-28 14:53:30 ] DEBUG	 Adding ':Fox' at 100,100
[ 2011-07-28 14:53:54 ] INFO	 Initializing scene manager...
[ 2011-07-28 14:53:54 ] INFO	 Creating screen [640, 480]
[ 2011-07-28 14:53:54 ] INFO	 Clocking game at 60 fps
[ 2011-07-28 14:53:54 ] DEBUG	 Adding ':Fox' at 100,100
[ 2011-07-28 14:54:39 ] INFO	 Initializing scene manager...
[ 2011-07-28 14:54:39 ] INFO	 Creating screen [640, 480]
[ 2011-07-28 14:54:39 ] INFO	 Clocking game at 60 fps
[ 2011-07-28 14:54:39 ] DEBUG	 Adding ':Fox' at 100,100
[ 2011-07-28 14:55:12 ] INFO	 Initializing scene manager...
[ 2011-07-28 14:55:12 ] INFO	 Creating screen [640, 480]
[ 2011-07-28 14:55:13 ] INFO	 Clocking game at 60 fps
[ 2011-07-28 14:55:13 ] DEBUG	 Adding ':Fox' at 100,100
[ 2011-07-28 14:56:42 ] INFO	 Initializing scene manager...
[ 2011-07-28 14:56:42 ] INFO	 Creating screen [640, 480]
[ 2011-07-28 14:56:43 ] INFO	 Clocking game at 60 fps
[ 2011-07-28 14:56:43 ] DEBUG	 Adding ':Fox' at 100,100
[ 2011-07-28 14:56:58 ] INFO	 Initializing scene manager...
[ 2011-07-28 14:56:58 ] INFO	 Creating screen [640, 480]
[ 2011-07-28 14:56:59 ] INFO	 Clocking game at 60 fps
[ 2011-07-28 14:56:59 ] DEBUG	 Adding ':Fox' at 100,100
[ 2011-07-28 14:58:26 ] INFO	 Initializing scene manager...
[ 2011-07-28 14:58:26 ] INFO	 Creating screen [640, 480]
[ 2011-07-28 14:58:26 ] INFO	 Clocking game at 60 fps
[ 2011-07-28 14:58:26 ] DEBUG	 Adding ':Fox' at 100,100
[ 2011-07-28 14:59:06 ] INFO	 Initializing scene manager...
[ 2011-07-28 14:59:06 ] INFO	 Creating screen [640, 480]
[ 2011-07-28 14:59:07 ] INFO	 Clocking game at 60 fps
[ 2011-07-28 14:59:07 ] DEBUG	 Adding ':Fox' at 100,100
[ 2011-07-28 14:59:51 ] INFO	 Initializing scene manager...
[ 2011-07-28 14:59:51 ] INFO	 Creating screen [640, 480]
[ 2011-07-28 14:59:51 ] INFO	 Clocking game at 60 fps
[ 2011-07-28 14:59:51 ] DEBUG	 Adding ':Fox' at 100,100
[ 2011-07-28 15:01:51 ] INFO	 Initializing scene manager...
[ 2011-07-28 15:01:51 ] INFO	 Creating screen [640, 480]
[ 2011-07-28 15:01:51 ] INFO	 Clocking game at 60 fps
[ 2011-07-28 15:01:51 ] DEBUG	 Adding ':Fox' at 100,100
[ 2011-07-28 15:02:27 ] INFO	 Initializing scene manager...
[ 2011-07-28 15:02:27 ] INFO	 Creating screen [640, 480]
[ 2011-07-28 15:02:27 ] INFO	 Clocking game at 60 fps
[ 2011-07-28 15:02:27 ] DEBUG	 Adding ':Fox' at 100,100
[ 2011-07-28 15:02:41 ] INFO	 Initializing scene manager...
[ 2011-07-28 15:02:41 ] INFO	 Creating screen [640, 480]
[ 2011-07-28 15:02:41 ] INFO	 Clocking game at 60 fps
[ 2011-07-28 15:02:41 ] DEBUG	 Adding ':Fox' at 100,100
[ 2011-07-28 15:03:03 ] INFO	 Initializing scene manager...
[ 2011-07-28 15:03:03 ] INFO	 Creating screen [640, 480]
[ 2011-07-28 15:03:03 ] INFO	 Clocking game at 60 fps
[ 2011-07-28 15:03:03 ] DEBUG	 Adding ':Fox' at 100,100
[ 2011-07-28 15:04:19 ] INFO	 Initializing scene manager...
[ 2011-07-28 15:04:19 ] INFO	 Creating screen [640, 480]
[ 2011-07-28 15:04:20 ] INFO	 Clocking game at 60 fps
[ 2011-07-28 15:04:20 ] DEBUG	 Adding ':Fox' at 100,100
[ 2011-07-28 15:05:08 ] INFO	 Initializing scene manager...
[ 2011-07-28 15:05:08 ] INFO	 Creating screen [640, 480]
[ 2011-07-28 15:05:08 ] INFO	 Clocking game at 60 fps
[ 2011-07-28 15:05:08 ] DEBUG	 Adding ':Fox' at 100,100
[ 2011-07-28 15:05:44 ] INFO	 Initializing scene manager...
[ 2011-07-28 15:05:44 ] INFO	 Creating screen [640, 480]
[ 2011-07-28 15:05:45 ] INFO	 Clocking game at 60 fps
[ 2011-07-28 15:05:45 ] DEBUG	 Adding ':Fox' at 100,100
[ 2011-07-28 16:18:27 ] INFO	 Initializing scene manager...
[ 2011-07-28 16:18:27 ] INFO	 Creating screen [640, 480]
[ 2011-07-28 16:18:28 ] INFO	 Clocking game at 60 fps
[ 2011-07-28 16:18:28 ] DEBUG	 Adding ':Fox' at 100,100
[ 2011-07-28 16:21:07 ] INFO	 Initializing scene manager...
[ 2011-07-28 16:21:07 ] INFO	 Creating screen [640, 480]
[ 2011-07-28 16:21:08 ] INFO	 Clocking game at 60 fps
[ 2011-07-28 16:21:08 ] DEBUG	 Adding ':Fox' at 100,100
[ 2011-07-28 16:25:45 ] INFO	 Initializing scene manager...
[ 2011-07-28 16:25:45 ] INFO	 Creating screen [640, 480]
[ 2011-07-28 16:25:46 ] INFO	 Clocking game at 60 fps
[ 2011-07-28 16:25:46 ] DEBUG	 Adding ':Fox' at 100,100
[ 2011-07-28 16:26:39 ] INFO	 Initializing scene manager...
[ 2011-07-28 16:26:39 ] INFO	 Creating screen [640, 480]
[ 2011-07-28 16:26:40 ] INFO	 Clocking game at 60 fps
[ 2011-07-28 16:26:40 ] DEBUG	 Adding ':Fox' at 100,100
[ 2011-07-28 16:27:31 ] INFO	 Initializing scene manager...
[ 2011-07-28 16:27:31 ] INFO	 Creating screen [640, 480]
[ 2011-07-28 16:27:32 ] INFO	 Clocking game at 60 fps
[ 2011-07-28 16:27:32 ] DEBUG	 Adding ':Fox' at 100,100
[ 2011-07-28 16:30:33 ] INFO	 Initializing scene manager...
[ 2011-07-28 16:30:33 ] INFO	 Creating screen [640, 480]
[ 2011-07-28 16:30:34 ] INFO	 Clocking game at 60 fps
[ 2011-07-28 16:30:34 ] DEBUG	 Adding ':Fox' at 100,100
[ 2011-07-28 16:31:22 ] INFO	 Initializing scene manager...
[ 2011-07-28 16:31:22 ] INFO	 Creating screen [640, 480]
[ 2011-07-28 16:31:23 ] INFO	 Clocking game at 60 fps
[ 2011-07-28 16:31:23 ] DEBUG	 Adding ':Fox' at 100,100
[ 2011-07-28 16:35:42 ] INFO	 Initializing scene manager...
[ 2011-07-28 16:35:42 ] INFO	 Creating screen [640, 480]
[ 2011-07-28 16:35:43 ] INFO	 Clocking game at 60 fps
[ 2011-07-28 16:35:43 ] DEBUG	 Adding ':Fox' at 100,100
[ 2011-07-28 16:36:06 ] INFO	 Initializing scene manager...
[ 2011-07-28 16:36:06 ] INFO	 Creating screen [640, 480]
[ 2011-07-28 16:36:07 ] INFO	 Clocking game at 60 fps
[ 2011-07-28 16:36:07 ] DEBUG	 Adding ':Fox' at 100,100
[ 2011-07-28 16:43:43 ] INFO	 Initializing scene manager...
[ 2011-07-28 16:43:43 ] INFO	 Creating screen [640, 480]
[ 2011-07-28 16:43:43 ] INFO	 Clocking game at 60 fps
[ 2011-07-28 16:43:43 ] DEBUG	 Adding ':Fox' at 100,100
[ 2011-07-28 16:45:07 ] INFO	 Initializing scene manager...
[ 2011-07-28 16:45:07 ] INFO	 Creating screen [640, 480]
[ 2011-07-28 16:45:08 ] INFO	 Clocking game at 60 fps
[ 2011-07-28 16:45:08 ] DEBUG	 Adding ':Fox' at 100,100
[ 2011-07-28 16:45:19 ] INFO	 Initializing scene manager...
[ 2011-07-28 16:45:19 ] INFO	 Creating screen [640, 480]
[ 2011-07-28 16:45:20 ] INFO	 Clocking game at 60 fps
[ 2011-07-28 16:45:20 ] DEBUG	 Adding ':Fox' at 100,100
[ 2011-07-28 16:48:37 ] INFO	 Initializing scene manager...
[ 2011-07-28 16:48:37 ] INFO	 Creating screen [640, 480]
[ 2011-07-28 16:48:38 ] INFO	 Clocking game at 60 fps
[ 2011-07-28 16:48:38 ] DEBUG	 Adding ':Fox' at 100,100
[ 2011-07-28 16:49:09 ] INFO	 Initializing scene manager...
[ 2011-07-28 16:49:09 ] INFO	 Creating screen [640, 480]
[ 2011-07-28 16:49:09 ] INFO	 Clocking game at 60 fps
[ 2011-07-28 16:49:09 ] DEBUG	 Adding ':Fox' at 100,100
[ 2011-07-28 16:49:56 ] INFO	 Initializing scene manager...
[ 2011-07-28 16:49:56 ] INFO	 Creating screen [640, 480]
[ 2011-07-28 16:49:57 ] INFO	 Clocking game at 60 fps
[ 2011-07-28 16:49:57 ] DEBUG	 Adding ':Fox' at 100,100
[ 2011-07-28 16:50:35 ] INFO	 Initializing scene manager...
[ 2011-07-28 16:50:35 ] INFO	 Creating screen [640, 480]
[ 2011-07-28 16:50:36 ] INFO	 Clocking game at 60 fps
[ 2011-07-28 16:50:36 ] DEBUG	 Adding ':Fox' at 100,100
[ 2011-07-28 16:51:04 ] INFO	 Initializing scene manager...
[ 2011-07-28 16:51:04 ] INFO	 Creating screen [640, 480]
[ 2011-07-28 16:51:05 ] INFO	 Clocking game at 60 fps
[ 2011-07-28 16:51:05 ] DEBUG	 Adding ':Fox' at 100,100
[ 2011-07-28 16:51:41 ] INFO	 Initializing scene manager...
[ 2011-07-28 16:51:41 ] INFO	 Creating screen [640, 480]
[ 2011-07-28 16:51:42 ] INFO	 Clocking game at 60 fps
[ 2011-07-28 16:51:42 ] DEBUG	 Adding ':Fox' at 100,100
[ 2011-07-28 16:52:21 ] INFO	 Initializing scene manager...
[ 2011-07-28 16:52:21 ] INFO	 Creating screen [640, 480]
[ 2011-07-28 16:52:22 ] INFO	 Clocking game at 60 fps
[ 2011-07-28 16:52:22 ] DEBUG	 Adding ':Fox' at 100,100
[ 2011-07-28 16:52:33 ] INFO	 Initializing scene manager...
[ 2011-07-28 16:52:33 ] INFO	 Creating screen [640, 480]
[ 2011-07-28 16:52:33 ] INFO	 Clocking game at 60 fps
[ 2011-07-28 16:52:33 ] DEBUG	 Adding ':Fox' at 100,100
[ 2011-07-28 16:52:44 ] INFO	 Initializing scene manager...
[ 2011-07-28 16:52:44 ] INFO	 Creating screen [640, 480]
[ 2011-07-28 16:52:44 ] INFO	 Clocking game at 60 fps
[ 2011-07-28 16:52:44 ] DEBUG	 Adding ':Fox' at 100,100
[ 2011-07-28 16:54:23 ] INFO	 Initializing scene manager...
[ 2011-07-28 16:54:23 ] INFO	 Creating screen [640, 480]
[ 2011-07-28 16:54:23 ] INFO	 Clocking game at 60 fps
[ 2011-07-28 16:54:23 ] DEBUG	 Adding ':Fox' at 100,100
[ 2011-07-28 16:55:07 ] INFO	 Initializing scene manager...
[ 2011-07-28 16:55:07 ] INFO	 Creating screen [640, 480]
[ 2011-07-28 16:55:07 ] INFO	 Clocking game at 60 fps
[ 2011-07-28 16:55:07 ] DEBUG	 Adding ':Fox' at 100,100
[ 2011-07-28 16:56:39 ] INFO	 Initializing scene manager...
[ 2011-07-28 16:56:39 ] INFO	 Creating screen [640, 480]
[ 2011-07-28 16:56:39 ] INFO	 Clocking game at 60 fps
[ 2011-07-28 16:56:39 ] DEBUG	 Adding ':Fox' at 100,100
[ 2011-07-28 16:58:10 ] INFO	 Initializing scene manager...
[ 2011-07-28 16:58:10 ] INFO	 Creating screen [640, 480]
[ 2011-07-28 16:58:10 ] INFO	 Clocking game at 60 fps
[ 2011-07-28 16:58:10 ] DEBUG	 Adding ':Fox' at 100,100
[ 2011-07-28 16:59:58 ] INFO	 Initializing scene manager...
[ 2011-07-28 16:59:58 ] INFO	 Creating screen [640, 480]
[ 2011-07-28 16:59:58 ] INFO	 Clocking game at 60 fps
[ 2011-07-28 16:59:58 ] DEBUG	 Adding ':Fox' at 100,100
[ 2011-07-28 18:19:24 ] INFO	 Initializing scene manager...
[ 2011-07-28 18:19:24 ] INFO	 Creating screen [640, 480]
[ 2011-07-28 18:19:24 ] INFO	 Clocking game at 60 fps
[ 2011-07-28 18:19:24 ] DEBUG	 Adding ':Fox' at 100,100
[ 2011-07-28 18:19:37 ] INFO	 Initializing scene manager...
[ 2011-07-28 18:19:37 ] INFO	 Creating screen [640, 480]
[ 2011-07-28 18:19:37 ] INFO	 Clocking game at 60 fps
[ 2011-07-28 18:19:37 ] DEBUG	 Adding ':Fox' at 100,100
[ 2011-07-28 18:20:01 ] INFO	 Initializing scene manager...
[ 2011-07-28 18:20:01 ] INFO	 Creating screen [640, 480]
[ 2011-07-28 18:20:01 ] INFO	 Clocking game at 60 fps
[ 2011-07-28 18:20:01 ] DEBUG	 Adding ':Fox' at 100,100
[ 2011-07-28 18:22:02 ] INFO	 Initializing scene manager...
[ 2011-07-28 18:22:02 ] INFO	 Creating screen [640, 480]
[ 2011-07-28 18:22:02 ] INFO	 Clocking game at 60 fps
[ 2011-07-28 18:22:02 ] DEBUG	 Adding ':Fox' at 100,100
[ 2011-07-28 18:24:40 ] INFO	 Initializing scene manager...
[ 2011-07-28 18:24:40 ] INFO	 Creating screen [640, 480]
[ 2011-07-28 18:24:40 ] INFO	 Clocking game at 60 fps
[ 2011-07-28 18:24:40 ] DEBUG	 Adding ':Fox' at 100,100
[ 2011-07-28 18:25:17 ] INFO	 Initializing scene manager...
[ 2011-07-28 18:25:17 ] INFO	 Creating screen [640, 480]
[ 2011-07-28 18:25:17 ] INFO	 Clocking game at 60 fps
[ 2011-07-28 18:25:17 ] DEBUG	 Adding ':Fox' at 100,100
[ 2011-07-28 18:25:57 ] INFO	 Initializing scene manager...
[ 2011-07-28 18:25:57 ] INFO	 Creating screen [640, 480]
[ 2011-07-28 18:25:58 ] INFO	 Clocking game at 60 fps
[ 2011-07-28 18:25:58 ] DEBUG	 Adding ':Fox' at 100,100
[ 2011-07-28 18:27:11 ] INFO	 Initializing scene manager...
[ 2011-07-28 18:27:11 ] INFO	 Creating screen [640, 480]
[ 2011-07-28 18:27:11 ] INFO	 Clocking game at 60 fps
[ 2011-07-28 18:27:11 ] DEBUG	 Adding ':Fox' at 100,100
[ 2011-07-28 18:31:28 ] INFO	 Initializing scene manager...
[ 2011-07-28 18:31:28 ] INFO	 Creating screen [640, 480]
[ 2011-07-28 18:31:28 ] INFO	 Clocking game at 60 fps
[ 2011-07-28 18:31:28 ] DEBUG	 Adding ':Fox' at 100,100
[ 2011-07-28 18:32:26 ] INFO	 Initializing scene manager...
[ 2011-07-28 18:32:26 ] INFO	 Creating screen [640, 480]
[ 2011-07-28 18:32:26 ] INFO	 Clocking game at 60 fps
[ 2011-07-28 18:32:26 ] DEBUG	 Adding ':Fox' at 100,100
[ 2011-07-28 18:33:06 ] INFO	 Initializing scene manager...
[ 2011-07-28 18:33:06 ] INFO	 Creating screen [640, 480]
[ 2011-07-28 18:33:06 ] INFO	 Clocking game at 60 fps
[ 2011-07-28 18:33:06 ] DEBUG	 Adding ':Fox' at 100,100
[ 2011-07-28 18:35:13 ] INFO	 Initializing scene manager...
[ 2011-07-28 18:35:13 ] INFO	 Creating screen [640, 480]
[ 2011-07-28 18:35:13 ] INFO	 Clocking game at 60 fps
[ 2011-07-28 18:35:13 ] DEBUG	 Adding ':Fox' at 100,100
[ 2011-07-28 18:36:06 ] INFO	 Initializing scene manager...
[ 2011-07-28 18:36:06 ] INFO	 Creating screen [640, 480]
[ 2011-07-28 18:36:06 ] INFO	 Clocking game at 60 fps
[ 2011-07-28 18:36:06 ] DEBUG	 Adding ':Fox' at 100,100
[ 2011-07-28 18:36:23 ] INFO	 Initializing scene manager...
[ 2011-07-28 18:36:23 ] INFO	 Creating screen [640, 480]
[ 2011-07-28 18:36:23 ] INFO	 Clocking game at 60 fps
[ 2011-07-28 18:36:23 ] DEBUG	 Adding ':Fox' at 100,100
[ 2011-07-28 18:37:19 ] INFO	 Initializing scene manager...
[ 2011-07-28 18:37:19 ] INFO	 Creating screen [640, 480]
[ 2011-07-28 18:37:20 ] INFO	 Clocking game at 60 fps
[ 2011-07-28 18:37:20 ] DEBUG	 Adding ':Fox' at 100,100
[ 2011-07-28 18:40:12 ] INFO	 Initializing scene manager...
[ 2011-07-28 18:40:12 ] INFO	 Creating screen [640, 480]
[ 2011-07-28 18:40:12 ] INFO	 Clocking game at 60 fps
[ 2011-07-28 18:40:12 ] DEBUG	 Adding ':Fox' at 100,100
[ 2011-07-28 20:44:18 ] INFO	 Initializing scene manager...
[ 2011-07-28 20:44:18 ] INFO	 Creating screen [640, 480]
[ 2011-07-28 20:44:18 ] INFO	 Clocking game at 60 fps
[ 2011-07-28 20:44:18 ] DEBUG	 Adding ':Fox' at 100,100
[ 2011-08-03 10:09:01 ] INFO	 Initializing scene manager...
[ 2011-08-03 10:09:01 ] INFO	 Creating screen [640, 480]
[ 2011-08-03 10:09:01 ] INFO	 Clocking game at 60 fps
[ 2011-08-03 10:09:01 ] DEBUG	 Adding ':Fox' at 100,100
